<testsuites id="" name="" tests="8" failures="2" skipped="0" errors="0" time="36.5240529999733">
<testsuite name="adactin.spec.ts" timestamp="2023-04-28T09:41:39.085Z" hostname="chromium" tests="8" failures="2" skipped="0" time="83.302" errors="0">
<testcase name="Adactin › [97] login-101" classname="adactin.spec.ts" time="5.116">
<system-out>
<![CDATA[status passed
]]>
</system-out>
</testcase>
<testcase name="Adactin › [101] 102-To verify whether the check-out date field accepts a later date than check i date" classname="adactin.spec.ts" time="30.012">
<failure message="adactin.spec.ts:28:9 [101] 102-To verify whether the check-out date field accepts a later date than check i date" type="FAILURE">
<![CDATA[  [chromium] › adactin.spec.ts:28:9 › Adactin › [101] 102-To verify whether the check-out date field accepts a later date than check i date 

    Test timeout of 30000ms exceeded.

    {
      errorMessages: [ "No project could be found with key 'DEM'." ],
      errors: {}
    }

    Pending operations:
      - locator.textContent at tests\adactin.spec.ts:55:66


    attachment #1: screenshot (image/png) ──────────────────────────────────────────────────────────
    test-results\adactin-Adactin-101-102-To-verify-whether-the--65b23-te-field-accepts-a-later-date-than-check-i-date-chromium\failure.png
    ────────────────────────────────────────────────────────────────────────────────────────────────

    attachment #2: screenshot (image/png) ──────────────────────────────────────────────────────────
    test-results\adactin-Adactin-101-102-To-verify-whether-the--65b23-te-field-accepts-a-later-date-than-check-i-date-chromium\test-failed-1.png
    ────────────────────────────────────────────────────────────────────────────────────────────────
]]>
</failure>
<system-out>
<![CDATA[28
28/11/2023
28/9/2023
status timedOut
[101] 102-To verify whether the check-out date field accepts a later date than check i date did not un as expected!

[[ATTACHMENT|..\test-results\adactin-Adactin-101-102-To-verify-whether-the--65b23-te-field-accepts-a-later-date-than-check-i-date-chromium\failure.png]]

[[ATTACHMENT|..\test-results\adactin-Adactin-101-102-To-verify-whether-the--65b23-te-field-accepts-a-later-date-than-check-i-date-chromium\test-failed-1.png]]
]]>
</system-out>
</testcase>
<testcase name="Adactin › [102] 103-To check if error is reported if check-out date field is in the past" classname="adactin.spec.ts" time="30.012">
<failure message="adactin.spec.ts:62:9 [102] 103-To check if error is reported if check-out date field is in the past" type="FAILURE">
<![CDATA[  [chromium] › adactin.spec.ts:62:9 › Adactin › [102] 103-To check if error is reported if check-out date field is in the past 

    Test timeout of 30000ms exceeded.

    {
      errorMessages: [ "No project could be found with key 'DEM'." ],
      errors: {}
    }

    Pending operations:
      - locator.textContent at tests\adactin.spec.ts:90:66


    attachment #1: screenshot (image/png) ──────────────────────────────────────────────────────────
    test-results\adactin-Adactin-102-103-To-check-if-error-is-reported-if-check-out-date-field-is-in-the-past-chromium\failure.png
    ────────────────────────────────────────────────────────────────────────────────────────────────

    attachment #2: screenshot (image/png) ──────────────────────────────────────────────────────────
    test-results\adactin-Adactin-102-103-To-check-if-error-is-reported-if-check-out-date-field-is-in-the-past-chromium\test-failed-1.png
    ────────────────────────────────────────────────────────────────────────────────────────────────
]]>
</failure>
<system-out>
<![CDATA[28
28/-1/2023
28/1/2023
status timedOut
[102] 103-To check if error is reported if check-out date field is in the past did not un as expected!

[[ATTACHMENT|..\test-results\adactin-Adactin-102-103-To-check-if-error-is-reported-if-check-out-date-field-is-in-the-past-chromium\failure.png]]

[[ATTACHMENT|..\test-results\adactin-Adactin-102-103-To-check-if-error-is-reported-if-check-out-date-field-is-in-the-past-chromium\test-failed-1.png]]
]]>
</system-out>
</testcase>
<testcase name="Adactin › [103] 104 -location verification" classname="adactin.spec.ts" time="7.375">
<system-out>
<![CDATA[28
28/5/2023
locationSydneylocation
location=Sydney
success
status passed
]]>
</system-out>
</testcase>
<testcase name="Adactin › [104] 105-To verify whether Check-in date and Check-out date are being displayed in Select Hotel page" classname="adactin.spec.ts" time="4.973">
<system-out>
<![CDATA[[33m29[39m
NaN/2023
status passed
]]>
</system-out>
</testcase>
<testcase name="Adactin › [105] 106-Verify the no.of rooms" classname="adactin.spec.ts" time="5.333">
<system-out>
<![CDATA[28
28/5/2023
status passed
]]>
</system-out>
</testcase>
<testcase name="Apitest › [106] Create a user" classname="adactin.spec.ts" time="0.386">
<system-out>
<![CDATA[API
]]>
</system-out>
</testcase>
<testcase name="Apitest › [107] Get the details of user" classname="adactin.spec.ts" time="0.095">
</testcase>
</testsuite>
</testsuites>